MIX_XR_Project/Temp/gradleOut/launcher/build/intermediates/manifest_merge_blame_file/debug/manifest-merger-blame-debug-report.txt
1<?xml version="1.0" encoding="utf-8"?>
2<!-- GENERATED BY UNITY. REMOVE THIS COMMENT TO PREVENT OVERWRITING WHEN EXPORTING AGAIN -->
3<manifest xmlns:android="http://schemas.android.com/apk/res/android"
4    package="com.DefaultCompany.MIX_XR_Project"
5    android:installLocation="preferExternal"
6    android:versionCode="1"
7    android:versionName="0.1" >
8
9    <uses-sdk
10        android:minSdkVersion="23"
10-->src\main\AndroidManifest.xml
11        android:targetSdkVersion="29" />
11-->src\main\AndroidManifest.xml
12
13    <supports-screens
13-->src\main\AndroidManifest.xml:4:3-163
14        android:anyDensity="true"
14-->src\main\AndroidManifest.xml:4:135-160
15        android:largeScreens="true"
15-->src\main\AndroidManifest.xml:4:78-105
16        android:normalScreens="true"
16-->src\main\AndroidManifest.xml:4:49-77
17        android:smallScreens="true"
17-->src\main\AndroidManifest.xml:4:21-48
18        android:xlargeScreens="true" />
18-->src\main\AndroidManifest.xml:4:106-134
19
20    <uses-feature android:glEsVersion="0x00030000" />
20-->[:unityLibrary] AndroidManifest.xml:14:5-54
20-->[:unityLibrary] AndroidManifest.xml:14:19-51
21
22    <supports-gl-texture android:name="GL_KHR_texture_compression_astc_ldr" />
22-->[:unityLibrary] AndroidManifest.xml:16:5-79
22-->[:unityLibrary] AndroidManifest.xml:16:26-76
23
24    <uses-permission android:name="android.permission.INTERNET" />
24-->[:unityLibrary] AndroidManifest.xml:18:5-67
24-->[:unityLibrary] AndroidManifest.xml:18:22-64
25    <uses-permission android:name="android.permission.RECORD_AUDIO" />
25-->[:unityLibrary] AndroidManifest.xml:19:5-71
25-->[:unityLibrary] AndroidManifest.xml:19:22-68
26    <uses-permission android:name="android.permission.MODIFY_AUDIO_SETTINGS" />
26-->[:unityLibrary] AndroidManifest.xml:20:5-80
26-->[:unityLibrary] AndroidManifest.xml:20:22-77
27
28    <uses-feature
28-->[:unityLibrary] AndroidManifest.xml:22:5-24:36
29        android:name="android.hardware.microphone"
29-->[:unityLibrary] AndroidManifest.xml:23:9-51
30        android:required="false" />
30-->[:unityLibrary] AndroidManifest.xml:24:9-33
31    <uses-feature
31-->[:unityLibrary] AndroidManifest.xml:25:5-27:36
32        android:name="android.hardware.touchscreen"
32-->[:unityLibrary] AndroidManifest.xml:26:9-52
33        android:required="false" />
33-->[:unityLibrary] AndroidManifest.xml:27:9-33
34    <uses-feature
34-->[:unityLibrary] AndroidManifest.xml:28:5-30:36
35        android:name="android.hardware.touchscreen.multitouch"
35-->[:unityLibrary] AndroidManifest.xml:29:9-63
36        android:required="false" />
36-->[:unityLibrary] AndroidManifest.xml:30:9-33
37    <uses-feature
37-->[:unityLibrary] AndroidManifest.xml:31:5-33:36
38        android:name="android.hardware.touchscreen.multitouch.distinct"
38-->[:unityLibrary] AndroidManifest.xml:32:9-72
39        android:required="false" />
39-->[:unityLibrary] AndroidManifest.xml:33:9-33
40    <uses-feature
40-->[:unityLibrary] AndroidManifest.xml:34:5-37:31
41        android:name="android.hardware.vr.headtracking"
41-->[:unityLibrary] AndroidManifest.xml:35:9-56
42        android:required="true"
42-->[:unityLibrary] AndroidManifest.xml:36:9-32
43        android:version="1" />
43-->[:unityLibrary] AndroidManifest.xml:37:9-28
44
45    <application
45-->src\main\AndroidManifest.xml:5:3-116
46        android:debuggable="true"
47        android:extractNativeLibs="true"
47-->src\main\AndroidManifest.xml:5:16-48
48        android:icon="@mipmap/app_icon"
48-->src\main\AndroidManifest.xml:5:82-113
49        android:label="@string/app_name" >
49-->src\main\AndroidManifest.xml:5:49-81
50        <activity
50-->[:unityLibrary] AndroidManifest.xml:40:9-64:20
51            android:name="com.unity3d.player.UnityPlayerActivity"
51-->[:unityLibrary] AndroidManifest.xml:41:13-66
52            android:configChanges="keyboard|keyboardHidden|navigation|orientation|screenLayout|screenSize|uiMode"
52-->[:unityLibrary] AndroidManifest.xml:42:13-114
53            android:hardwareAccelerated="false"
53-->[:unityLibrary] AndroidManifest.xml:43:13-48
54            android:launchMode="singleTask"
54-->[:unityLibrary] AndroidManifest.xml:44:13-44
55            android:resizeableActivity="false"
55-->[:unityLibrary] AndroidManifest.xml:45:13-47
56            android:screenOrientation="landscape"
56-->[:unityLibrary] AndroidManifest.xml:46:13-50
57            android:theme="@android:style/Theme.Black.NoTitleBar.Fullscreen" >
57-->[:unityLibrary] AndroidManifest.xml:47:13-77
58            <intent-filter>
58-->[:unityLibrary] AndroidManifest.xml:48:13-53:29
59                <action android:name="android.intent.action.MAIN" />
59-->[:unityLibrary] AndroidManifest.xml:49:17-69
59-->[:unityLibrary] AndroidManifest.xml:49:25-66
60
61                <category android:name="android.intent.category.LAUNCHER" />
61-->[:unityLibrary] AndroidManifest.xml:51:17-77
61-->[:unityLibrary] AndroidManifest.xml:51:27-74
62                <category android:name="com.oculus.intent.category.VR" />
62-->[:unityLibrary] AndroidManifest.xml:52:17-74
62-->[:unityLibrary] AndroidManifest.xml:52:27-71
63            </intent-filter>
64
65            <meta-data
65-->[:unityLibrary] AndroidManifest.xml:55:13-57:40
66                android:name="unityplayer.UnityActivity"
66-->[:unityLibrary] AndroidManifest.xml:56:17-57
67                android:value="true" />
67-->[:unityLibrary] AndroidManifest.xml:57:17-37
68            <meta-data
68-->[:unityLibrary] AndroidManifest.xml:58:13-60:40
69                android:name="android.notch_support"
69-->[:unityLibrary] AndroidManifest.xml:59:17-53
70                android:value="true" />
70-->[:unityLibrary] AndroidManifest.xml:60:17-37
71            <meta-data
71-->[:unityLibrary] AndroidManifest.xml:61:13-63:40
72                android:name="com.oculus.vr.focusaware"
72-->[:unityLibrary] AndroidManifest.xml:62:17-56
73                android:value="true" />
73-->[:unityLibrary] AndroidManifest.xml:63:17-37
74        </activity>
75
76        <meta-data
76-->[:unityLibrary] AndroidManifest.xml:66:9-68:33
77            android:name="unity.splash-mode"
77-->[:unityLibrary] AndroidManifest.xml:67:13-45
78            android:value="0" />
78-->[:unityLibrary] AndroidManifest.xml:68:13-30
79        <meta-data
79-->[:unityLibrary] AndroidManifest.xml:69:9-71:36
80            android:name="unity.splash-enable"
80-->[:unityLibrary] AndroidManifest.xml:70:13-47
81            android:value="True" />
81-->[:unityLibrary] AndroidManifest.xml:71:13-33
82        <meta-data
82-->[:unityLibrary] AndroidManifest.xml:72:9-74:37
83            android:name="unity.allow-resizable-window"
83-->[:unityLibrary] AndroidManifest.xml:73:13-56
84            android:value="False" />
84-->[:unityLibrary] AndroidManifest.xml:74:13-34
85        <meta-data
85-->[:unityLibrary] AndroidManifest.xml:75:9-77:50
86            android:name="notch.config"
86-->[:unityLibrary] AndroidManifest.xml:76:13-40
87            android:value="portrait|landscape" />
87-->[:unityLibrary] AndroidManifest.xml:77:13-47
88        <meta-data
88-->[:unityLibrary] AndroidManifest.xml:78:9-80:68
89            android:name="unity.build-id"
89-->[:unityLibrary] AndroidManifest.xml:79:13-42
90            android:value="638a9e5c-9789-451c-9189-a0f63f03c5fd" />
90-->[:unityLibrary] AndroidManifest.xml:80:13-65
91        <meta-data
91-->[:unityLibrary] AndroidManifest.xml:81:9-83:39
92            android:name="com.samsung.android.vr.application.mode"
92-->[:unityLibrary] AndroidManifest.xml:82:13-67
93            android:value="vr_only" />
93-->[:unityLibrary] AndroidManifest.xml:83:13-36
94        <meta-data
94-->[:unityLibrary] AndroidManifest.xml:84:9-86:37
95            android:name="com.unity.xr.oculus.LowOverheadMode"
95-->[:unityLibrary] AndroidManifest.xml:85:13-63
96            android:value="false" />
96-->[:unityLibrary] AndroidManifest.xml:86:13-34
97        <meta-data
97-->[:unityLibrary] AndroidManifest.xml:87:9-89:44
98            android:name="com.oculus.supportedDevices"
98-->[:unityLibrary] AndroidManifest.xml:88:13-55
99            android:value="quest|quest2" />
99-->[:unityLibrary] AndroidManifest.xml:89:13-41
100    </application>
101
102</manifest>